Build started 9.2.2016 13:16:38.
     1>Project "C:\Users\AleksiNis\Documents\GitHub\GameProgramming\TestGameProject\TestGameProject\TestGameProject.vcxproj" on node 2 (Build target(s)).
     1>ClCompile:
         C:\Program Files (x86)\Microsoft Visual Studio 12.0\VC\bin\CL.exe /c /IC:\Users\AleksiNis\Documents\GitHub\GameProgramming\TestGameProject\\..\yam2d\engine\include\ /IC:\Users\AleksiNis\Documents\GitHub\GameProgramming\TestGameProject\\..\yam2d\engine\external\ /ZI /nologo /W3 /WX- /sdl /Od /Oy- /D WIN32 /D _DEBUG /D _WINDOWS /D _UNICODE /D UNICODE /Gm /EHsc /RTC1 /MDd /GS /fp:precise /Zc:wchar_t /Zc:forScope /Fo"Debug\\" /Fd"Debug\vc120.pdb" /Gd /TP /analyze- /errorReport:prompt GameApp.cpp main.cpp
         GameApp.cpp
         Generating Code...
     1>c:\users\aleksinis\documents\github\gameprogramming\testgameproject\testgameproject\gameapp.cpp(24): warning C4715: 'GameApp::update' : not all control paths return a value
         Compiling...
         main.cpp
     1>c:\users\aleksinis\documents\github\gameprogramming\testgameproject\testgameproject\gamerunningstate.h(59): warning C4244: 'argument' : conversion from 'float' to 'int', possible loss of data
     1>c:\users\aleksinis\documents\github\gameprogramming\testgameproject\testgameproject\menustate.h(34): warning C4244: 'argument' : conversion from 'double' to 'float', possible loss of data
     1>c:\users\aleksinis\documents\github\gameprogramming\testgameproject\testgameproject\splashscreenstate.h(56): warning C4244: 'argument' : conversion from 'int' to 'float', possible loss of data
         Generating Code...
     1>c:\users\aleksinis\documents\github\gameprogramming\testgameproject\testgameproject\menustate.h(143): warning C4715: 'MenuState::update' : not all control paths return a value
     1>c:\users\aleksinis\documents\github\gameprogramming\testgameproject\testgameproject\gamerunningstate.h(82): error C4716: 'GameRunningState::createNewEntity' : must return a value
     1>Done Building Project "C:\Users\AleksiNis\Documents\GitHub\GameProgramming\TestGameProject\TestGameProject\TestGameProject.vcxproj" (Build target(s)) -- FAILED.

Build FAILED.

Time Elapsed 00:00:02.06
